TN:
SF:packages\components\botton\index.ts
FNF:0
FNH:0
DA:1,1
DA:2,1
DA:3,1
DA:4,1
DA:5,1
LF:5
LH:5
BRF:0
BRH:0
end_of_record
TN:
SF:packages\components\botton\src\button.vue
FN:20,setup
FNF:1
FNH:1
FNDA:1,setup
DA:1,1
DA:2,1
DA:3,1
DA:4,1
DA:5,1
DA:6,1
DA:7,1
DA:8,1
DA:9,1
DA:10,1
DA:11,1
DA:12,1
DA:13,1
DA:14,1
DA:15,1
DA:16,1
DA:17,1
DA:18,1
DA:19,1
DA:20,1
DA:21,1
DA:22,1
DA:23,1
DA:24,1
DA:25,1
DA:26,1
DA:27,1
DA:28,1
DA:29,1
DA:30,1
DA:31,1
DA:32,1
DA:33,1
DA:34,1
DA:35,1
DA:36,1
DA:37,1
DA:38,1
DA:39,1
LF:39
LH:39
BRDA:20,0,0,1
BRDA:21,1,0,1
BRDA:22,2,0,0
BRDA:22,3,0,0
BRDA:25,4,0,1
BRF:5
BRH:3
end_of_record
TN:
SF:packages\components\botton\src\types\index.ts
FN:8,validator
FN:14,validator
FNF:2
FNH:2
FNDA:1,validator
FNDA:1,validator
DA:1,1
DA:2,1
DA:3,1
DA:4,1
DA:5,1
DA:6,1
DA:7,1
DA:8,1
DA:9,1
DA:10,1
DA:11,1
DA:12,1
DA:13,1
DA:14,1
DA:15,1
DA:16,1
DA:17,1
DA:18,1
DA:19,1
LF:19
LH:19
BRDA:8,0,0,1
BRDA:14,1,0,1
BRF:2
BRH:2
end_of_record
TN:
SF:packages\utils\install.ts
FN:3,withInstall
FN:4,comp.install
FNF:2
FNH:1
FNDA:1,withInstall
FNDA:0,comp.install
DA:1,1
DA:2,1
DA:3,1
DA:4,1
DA:5,0
DA:6,0
DA:7,0
DA:8,1
DA:9,1
DA:10,1
DA:11,1
DA:12,1
LF:12
LH:9
BRDA:3,0,0,1
BRF:1
BRH:1
end_of_record
